<?xml version="1.0" encoding="UTF-8"?>
<coverage generated="1691325277445" clover="3.2.0">
  <project timestamp="1691325277445" name="All files">
    <metrics statements="82" coveredstatements="80" conditionals="55" coveredconditionals="41" methods="13" coveredmethods="13" elements="150" coveredelements="134" complexity="0" loc="82" ncloc="82" packages="1" files="1" classes="1"/>
    <file name="NumberInput.tsx" path="C:\Users\BK\Projects\Live\react-number-input\src\NumberInput.tsx">
      <metrics statements="82" coveredstatements="80" conditionals="55" coveredconditionals="41" methods="13" coveredmethods="13"/>
      <line num="1" count="1" type="stmt"/>
      <line num="14" count="1" type="stmt"/>
      <line num="16" count="1" type="stmt"/>
      <line num="22" count="66" type="stmt"/>
      <line num="23" count="66" type="cond" truecount="3" falsecount="0"/>
      <line num="24" count="66" type="cond" truecount="3" falsecount="0"/>
      <line num="25" count="66" type="stmt"/>
      <line num="28" count="1" type="stmt"/>
      <line num="29" count="57" type="stmt"/>
      <line num="30" count="57" type="cond" truecount="2" falsecount="0"/>
      <line num="31" count="17" type="stmt"/>
      <line num="32" count="40" type="cond" truecount="1" falsecount="0"/>
      <line num="33" count="36" type="stmt"/>
      <line num="35" count="57" type="stmt"/>
      <line num="38" count="1" type="stmt"/>
      <line num="44" count="57" type="stmt"/>
      <line num="46" count="57" type="cond" truecount="2" falsecount="0"/>
      <line num="47" count="20" type="stmt"/>
      <line num="48" count="20" type="stmt"/>
      <line num="49" count="20" type="cond" truecount="1" falsecount="1"/>
      <line num="50" count="20" type="stmt"/>
      <line num="51" count="20" type="stmt"/>
      <line num="52" count="20" type="cond" truecount="1" falsecount="0"/>
      <line num="53" count="10" type="stmt"/>
      <line num="54" count="20" type="stmt"/>
      <line num="55" count="20" type="cond" truecount="1" falsecount="0"/>
      <line num="56" count="20" type="cond" truecount="1" falsecount="0"/>
      <line num="58" count="37" type="stmt"/>
      <line num="59" count="37" type="cond" truecount="3" falsecount="0"/>
      <line num="62" count="57" type="stmt"/>
      <line num="65" count="1" type="stmt"/>
      <line num="71" count="85" type="cond" truecount="1" falsecount="0"/>
      <line num="73" count="32" type="stmt"/>
      <line num="80" count="1" type="stmt"/>
      <line num="81" count="9" type="stmt"/>
      <line num="82" count="9" type="cond" truecount="2" falsecount="0"/>
      <line num="84" count="8" type="cond" truecount="2" falsecount="0"/>
      <line num="85" count="7" type="stmt"/>
      <line num="87" count="9" type="stmt"/>
      <line num="90" count="1" type="stmt"/>
      <line num="91" count="12" type="stmt"/>
      <line num="92" count="12" type="cond" truecount="2" falsecount="0"/>
      <line num="93" count="6" type="stmt"/>
      <line num="94" count="6" type="stmt"/>
      <line num="97" count="6" type="cond" truecount="1" falsecount="1"/>
      <line num="98" count="0" type="stmt"/>
      <line num="99" count="0" type="stmt"/>
      <line num="103" count="6" type="cond" truecount="1" falsecount="1"/>
      <line num="105" count="12" type="stmt"/>
      <line num="108" count="1" type="stmt"/>
      <line num="118" count="85" type="cond" truecount="2" falsecount="0"/>
      <line num="119" count="85" type="stmt"/>
      <line num="121" count="85" type="stmt"/>
      <line num="122" count="20" type="cond" truecount="0" falsecount="1"/>
      <line num="124" count="20" type="stmt"/>
      <line num="125" count="20" type="stmt"/>
      <line num="131" count="85" type="stmt"/>
      <line num="132" count="20" type="stmt"/>
      <line num="133" count="20" type="cond" truecount="1" falsecount="0"/>
      <line num="134" count="6" type="stmt"/>
      <line num="138" count="85" type="stmt"/>
      <line num="139" count="20" type="cond" truecount="1" falsecount="0"/>
      <line num="140" count="6" type="stmt"/>
      <line num="144" count="85" type="stmt"/>
      <line num="145" count="67" type="stmt"/>
      <line num="146" count="67" type="stmt"/>
      <line num="147" count="67" type="stmt"/>
      <line num="149" count="67" type="cond" truecount="0" falsecount="1"/>
      <line num="151" count="67" type="cond" truecount="2" falsecount="0"/>
      <line num="152" count="1" type="stmt"/>
      <line num="153" count="66" type="cond" truecount="2" falsecount="0"/>
      <line num="154" count="9" type="stmt"/>
      <line num="155" count="9" type="stmt"/>
      <line num="162" count="57" type="stmt"/>
      <line num="163" count="57" type="stmt"/>
      <line num="170" count="67" type="stmt"/>
      <line num="173" count="85" type="stmt"/>
      <line num="174" count="77" type="cond" truecount="1" falsecount="0"/>
      <line num="175" count="11" type="cond" truecount="1" falsecount="1"/>
      <line num="178" count="85" type="stmt"/>
      <line num="183" count="65" type="stmt"/>
      <line num="190" count="1" type="stmt"/>
    </file>
  </project>
</coverage>
