{"C:\\Users\\BK\\Projects\\Live\\react-number-input\\src\\NumberInput.tsx": {"path":"C:\\Users\\BK\\Projects\\Live\\react-number-input\\src\\NumberInput.tsx","statementMap":{"0":{"start":{"line":1,"column":0},"end":{"line":1,"column":58}},"1":{"start":{"line":14,"column":21},"end":{"line":14,"column":40}},"2":{"start":{"line":16,"column":21},"end":{"line":26,"column":1}},"3":{"start":{"line":22,"column":15},"end":{"line":22,"column":23}},"4":{"start":{"line":23,"column":2},"end":{"line":23,"column":null}},"5":{"start":{"line":23,"column":49},"end":{"line":23,"column":null}},"6":{"start":{"line":24,"column":2},"end":{"line":24,"column":null}},"7":{"start":{"line":24,"column":49},"end":{"line":24,"column":null}},"8":{"start":{"line":25,"column":2},"end":{"line":25,"column":null}},"9":{"start":{"line":28,"column":19},"end":{"line":36,"column":1}},"10":{"start":{"line":29,"column":15},"end":{"line":29,"column":22}},"11":{"start":{"line":30,"column":2},"end":{"line":34,"column":null}},"12":{"start":{"line":31,"column":4},"end":{"line":31,"column":null}},"13":{"start":{"line":32,"column":9},"end":{"line":34,"column":null}},"14":{"start":{"line":33,"column":4},"end":{"line":33,"column":null}},"15":{"start":{"line":35,"column":2},"end":{"line":35,"column":null}},"16":{"start":{"line":38,"column":22},"end":{"line":63,"column":1}},"17":{"start":{"line":44,"column":15},"end":{"line":44,"column":22}},"18":{"start":{"line":46,"column":2},"end":{"line":60,"column":null}},"19":{"start":{"line":47,"column":23},"end":{"line":47,"column":44}},"20":{"start":{"line":48,"column":22},"end":{"line":48,"column":70}},"21":{"start":{"line":49,"column":23},"end":{"line":49,"column":40}},"22":{"start":{"line":50,"column":28},"end":{"line":50,"column":42}},"23":{"start":{"line":51,"column":4},"end":{"line":51,"column":null}},"24":{"start":{"line":52,"column":4},"end":{"line":53,"column":null}},"25":{"start":{"line":53,"column":6},"end":{"line":53,"column":null}},"26":{"start":{"line":54,"column":4},"end":{"line":54,"column":null}},"27":{"start":{"line":55,"column":4},"end":{"line":55,"column":null}},"28":{"start":{"line":55,"column":20},"end":{"line":55,"column":null}},"29":{"start":{"line":56,"column":4},"end":{"line":56,"column":null}},"30":{"start":{"line":56,"column":35},"end":{"line":56,"column":null}},"31":{"start":{"line":58,"column":4},"end":{"line":58,"column":null}},"32":{"start":{"line":59,"column":4},"end":{"line":59,"column":null}},"33":{"start":{"line":59,"column":41},"end":{"line":59,"column":null}},"34":{"start":{"line":62,"column":2},"end":{"line":62,"column":null}},"35":{"start":{"line":65,"column":20},"end":{"line":78,"column":1}},"36":{"start":{"line":71,"column":2},"end":{"line":71,"column":null}},"37":{"start":{"line":71,"column":21},"end":{"line":71,"column":null}},"38":{"start":{"line":73,"column":2},"end":{"line":77,"column":null}},"39":{"start":{"line":80,"column":21},"end":{"line":88,"column":1}},"40":{"start":{"line":81,"column":15},"end":{"line":81,"column":18}},"41":{"start":{"line":82,"column":2},"end":{"line":86,"column":null}},"42":{"start":{"line":82,"column":30},"end":{"line":82,"column":null}},"43":{"start":{"line":84,"column":4},"end":{"line":85,"column":null}},"44":{"start":{"line":84,"column":27},"end":{"line":84,"column":null}},"45":{"start":{"line":85,"column":9},"end":{"line":85,"column":null}},"46":{"start":{"line":87,"column":2},"end":{"line":87,"column":null}},"47":{"start":{"line":90,"column":22},"end":{"line":106,"column":1}},"48":{"start":{"line":91,"column":15},"end":{"line":91,"column":18}},"49":{"start":{"line":92,"column":2},"end":{"line":104,"column":null}},"50":{"start":{"line":93,"column":16},"end":{"line":93,"column":30}},"51":{"start":{"line":94,"column":4},"end":{"line":96,"column":null}},"52":{"start":{"line":97,"column":9},"end":{"line":104,"column":null}},"53":{"start":{"line":98,"column":16},"end":{"line":98,"column":30}},"54":{"start":{"line":99,"column":4},"end":{"line":101,"column":null}},"55":{"start":{"line":103,"column":4},"end":{"line":103,"column":null}},"56":{"start":{"line":105,"column":2},"end":{"line":105,"column":null}},"57":{"start":{"line":108,"column":44},"end":{"line":188,"column":1}},"58":{"start":{"line":118,"column":24},"end":{"line":118,"column":65}},"59":{"start":{"line":119,"column":19},"end":{"line":119,"column":49}},"60":{"start":{"line":121,"column":21},"end":{"line":129,"column":3}},"61":{"start":{"line":122,"column":4},"end":{"line":122,"column":33}},"62":{"start":{"line":122,"column":27},"end":{"line":122,"column":33}},"63":{"start":{"line":124,"column":4},"end":{"line":124,"column":null}},"64":{"start":{"line":125,"column":4},"end":{"line":128,"column":null}},"65":{"start":{"line":131,"column":2},"end":{"line":136,"column":null}},"66":{"start":{"line":132,"column":4},"end":{"line":132,"column":null}},"67":{"start":{"line":133,"column":4},"end":{"line":135,"column":null}},"68":{"start":{"line":134,"column":6},"end":{"line":134,"column":null}},"69":{"start":{"line":138,"column":2},"end":{"line":142,"column":null}},"70":{"start":{"line":139,"column":4},"end":{"line":141,"column":null}},"71":{"start":{"line":140,"column":6},"end":{"line":140,"column":null}},"72":{"start":{"line":144,"column":23},"end":{"line":171,"column":3}},"73":{"start":{"line":145,"column":20},"end":{"line":145,"column":25}},"74":{"start":{"line":146,"column":20},"end":{"line":146,"column":23}},"75":{"start":{"line":147,"column":17},"end":{"line":147,"column":20}},"76":{"start":{"line":149,"column":4},"end":{"line":149,"column":null}},"77":{"start":{"line":149,"column":27},"end":{"line":149,"column":null}},"78":{"start":{"line":151,"column":4},"end":{"line":169,"column":null}},"79":{"start":{"line":152,"column":6},"end":{"line":152,"column":null}},"80":{"start":{"line":153,"column":11},"end":{"line":169,"column":null}},"81":{"start":{"line":154,"column":6},"end":{"line":154,"column":null}},"82":{"start":{"line":155,"column":6},"end":{"line":160,"column":null}},"83":{"start":{"line":162,"column":6},"end":{"line":162,"column":null}},"84":{"start":{"line":163,"column":6},"end":{"line":168,"column":null}},"85":{"start":{"line":170,"column":4},"end":{"line":170,"column":null}},"86":{"start":{"line":173,"column":2},"end":{"line":176,"column":null}},"87":{"start":{"line":174,"column":4},"end":{"line":175,"column":null}},"88":{"start":{"line":175,"column":6},"end":{"line":175,"column":null}},"89":{"start":{"line":178,"column":2},"end":{"line":187,"column":null}},"90":{"start":{"line":183,"column":23},"end":{"line":183,"column":41}},"91":{"start":{"line":190,"column":0},"end":{"line":190,"column":null}}},"fnMap":{"0":{"name":"(anonymous_0)","decl":{"start":{"line":16,"column":21},"end":{"line":16,"column":null}},"loc":{"start":{"line":21,"column":12},"end":{"line":26,"column":1}}},"1":{"name":"(anonymous_1)","decl":{"start":{"line":28,"column":19},"end":{"line":28,"column":20}},"loc":{"start":{"line":28,"column":60},"end":{"line":36,"column":1}}},"2":{"name":"(anonymous_2)","decl":{"start":{"line":38,"column":22},"end":{"line":38,"column":null}},"loc":{"start":{"line":43,"column":12},"end":{"line":63,"column":1}}},"3":{"name":"(anonymous_3)","decl":{"start":{"line":65,"column":20},"end":{"line":65,"column":null}},"loc":{"start":{"line":70,"column":12},"end":{"line":78,"column":1}}},"4":{"name":"(anonymous_4)","decl":{"start":{"line":80,"column":21},"end":{"line":80,"column":22}},"loc":{"start":{"line":80,"column":45},"end":{"line":88,"column":1}}},"5":{"name":"(anonymous_5)","decl":{"start":{"line":90,"column":22},"end":{"line":90,"column":23}},"loc":{"start":{"line":90,"column":69},"end":{"line":106,"column":1}}},"6":{"name":"(anonymous_6)","decl":{"start":{"line":108,"column":44},"end":{"line":108,"column":45}},"loc":{"start":{"line":117,"column":5},"end":{"line":188,"column":1}}},"7":{"name":"(anonymous_7)","decl":{"start":{"line":121,"column":21},"end":{"line":121,"column":24}},"loc":{"start":{"line":121,"column":26},"end":{"line":129,"column":3}}},"8":{"name":"(anonymous_8)","decl":{"start":{"line":131,"column":12},"end":{"line":131,"column":15}},"loc":{"start":{"line":131,"column":17},"end":{"line":136,"column":3}}},"9":{"name":"(anonymous_9)","decl":{"start":{"line":138,"column":12},"end":{"line":138,"column":15}},"loc":{"start":{"line":138,"column":17},"end":{"line":142,"column":3}}},"10":{"name":"(anonymous_10)","decl":{"start":{"line":144,"column":23},"end":{"line":144,"column":24}},"loc":{"start":{"line":144,"column":72},"end":{"line":171,"column":3}}},"11":{"name":"(anonymous_11)","decl":{"start":{"line":173,"column":12},"end":{"line":173,"column":15}},"loc":{"start":{"line":173,"column":17},"end":{"line":176,"column":3}}},"12":{"name":"(anonymous_12)","decl":{"start":{"line":183,"column":16},"end":{"line":183,"column":17}},"loc":{"start":{"line":183,"column":23},"end":{"line":183,"column":41}}}},"branchMap":{"0":{"loc":{"start":{"line":23,"column":2},"end":{"line":23,"column":null}},"type":"if","locations":[{"start":{"line":23,"column":2},"end":{"line":23,"column":null}}]},"1":{"loc":{"start":{"line":23,"column":6},"end":{"line":23,"column":47}},"type":"binary-expr","locations":[{"start":{"line":23,"column":6},"end":{"line":23,"column":29}},{"start":{"line":23,"column":33},"end":{"line":23,"column":47}}]},"2":{"loc":{"start":{"line":24,"column":2},"end":{"line":24,"column":null}},"type":"if","locations":[{"start":{"line":24,"column":2},"end":{"line":24,"column":null}}]},"3":{"loc":{"start":{"line":24,"column":6},"end":{"line":24,"column":47}},"type":"binary-expr","locations":[{"start":{"line":24,"column":6},"end":{"line":24,"column":29}},{"start":{"line":24,"column":33},"end":{"line":24,"column":47}}]},"4":{"loc":{"start":{"line":30,"column":2},"end":{"line":34,"column":null}},"type":"if","locations":[{"start":{"line":30,"column":2},"end":{"line":34,"column":null}},{"start":{"line":32,"column":9},"end":{"line":34,"column":null}}]},"5":{"loc":{"start":{"line":32,"column":9},"end":{"line":34,"column":null}},"type":"if","locations":[{"start":{"line":32,"column":9},"end":{"line":34,"column":null}}]},"6":{"loc":{"start":{"line":46,"column":2},"end":{"line":60,"column":null}},"type":"if","locations":[{"start":{"line":46,"column":2},"end":{"line":60,"column":null}},{"start":{"line":57,"column":9},"end":{"line":60,"column":null}}]},"7":{"loc":{"start":{"line":49,"column":23},"end":{"line":49,"column":40}},"type":"binary-expr","locations":[{"start":{"line":49,"column":23},"end":{"line":49,"column":35}},{"start":{"line":49,"column":39},"end":{"line":49,"column":40}}]},"8":{"loc":{"start":{"line":52,"column":4},"end":{"line":53,"column":null}},"type":"if","locations":[{"start":{"line":52,"column":4},"end":{"line":53,"column":null}}]},"9":{"loc":{"start":{"line":55,"column":4},"end":{"line":55,"column":null}},"type":"if","locations":[{"start":{"line":55,"column":4},"end":{"line":55,"column":null}}]},"10":{"loc":{"start":{"line":56,"column":4},"end":{"line":56,"column":null}},"type":"if","locations":[{"start":{"line":56,"column":4},"end":{"line":56,"column":null}}]},"11":{"loc":{"start":{"line":59,"column":4},"end":{"line":59,"column":null}},"type":"if","locations":[{"start":{"line":59,"column":4},"end":{"line":59,"column":null}}]},"12":{"loc":{"start":{"line":59,"column":8},"end":{"line":59,"column":39}},"type":"binary-expr","locations":[{"start":{"line":59,"column":8},"end":{"line":59,"column":21}},{"start":{"line":59,"column":25},"end":{"line":59,"column":39}}]},"13":{"loc":{"start":{"line":71,"column":2},"end":{"line":71,"column":null}},"type":"if","locations":[{"start":{"line":71,"column":2},"end":{"line":71,"column":null}}]},"14":{"loc":{"start":{"line":75,"column":27},"end":{"line":75,"column":44}},"type":"binary-expr","locations":[{"start":{"line":75,"column":27},"end":{"line":75,"column":39}},{"start":{"line":75,"column":43},"end":{"line":75,"column":44}}]},"15":{"loc":{"start":{"line":76,"column":27},"end":{"line":76,"column":44}},"type":"binary-expr","locations":[{"start":{"line":76,"column":27},"end":{"line":76,"column":39}},{"start":{"line":76,"column":43},"end":{"line":76,"column":44}}]},"16":{"loc":{"start":{"line":82,"column":2},"end":{"line":86,"column":null}},"type":"if","locations":[{"start":{"line":82,"column":2},"end":{"line":86,"column":null}},{"start":{"line":83,"column":7},"end":{"line":86,"column":null}}]},"17":{"loc":{"start":{"line":84,"column":4},"end":{"line":85,"column":null}},"type":"if","locations":[{"start":{"line":84,"column":4},"end":{"line":85,"column":null}},{"start":{"line":85,"column":9},"end":{"line":85,"column":null}}]},"18":{"loc":{"start":{"line":92,"column":2},"end":{"line":104,"column":null}},"type":"if","locations":[{"start":{"line":92,"column":2},"end":{"line":104,"column":null}},{"start":{"line":97,"column":9},"end":{"line":104,"column":null}}]},"19":{"loc":{"start":{"line":95,"column":16},"end":{"line":95,"column":33}},"type":"binary-expr","locations":[{"start":{"line":95,"column":16},"end":{"line":95,"column":28}},{"start":{"line":95,"column":32},"end":{"line":95,"column":33}}]},"20":{"loc":{"start":{"line":96,"column":14},"end":{"line":96,"column":31}},"type":"binary-expr","locations":[{"start":{"line":96,"column":14},"end":{"line":96,"column":26}},{"start":{"line":96,"column":30},"end":{"line":96,"column":31}}]},"21":{"loc":{"start":{"line":97,"column":9},"end":{"line":104,"column":null}},"type":"if","locations":[{"start":{"line":97,"column":9},"end":{"line":104,"column":null}},{"start":{"line":102,"column":9},"end":{"line":104,"column":null}}]},"22":{"loc":{"start":{"line":100,"column":16},"end":{"line":100,"column":33}},"type":"binary-expr","locations":[{"start":{"line":100,"column":16},"end":{"line":100,"column":28}},{"start":{"line":100,"column":32},"end":{"line":100,"column":33}}]},"23":{"loc":{"start":{"line":101,"column":14},"end":{"line":101,"column":31}},"type":"binary-expr","locations":[{"start":{"line":101,"column":14},"end":{"line":101,"column":26}},{"start":{"line":101,"column":30},"end":{"line":101,"column":31}}]},"24":{"loc":{"start":{"line":103,"column":34},"end":{"line":103,"column":51}},"type":"binary-expr","locations":[{"start":{"line":103,"column":34},"end":{"line":103,"column":46}},{"start":{"line":103,"column":50},"end":{"line":103,"column":51}}]},"25":{"loc":{"start":{"line":118,"column":33},"end":{"line":118,"column":64}},"type":"binary-expr","locations":[{"start":{"line":118,"column":33},"end":{"line":118,"column":57}},{"start":{"line":118,"column":61},"end":{"line":118,"column":64}}]},"26":{"loc":{"start":{"line":122,"column":4},"end":{"line":122,"column":33}},"type":"if","locations":[{"start":{"line":122,"column":4},"end":{"line":122,"column":33}}]},"27":{"loc":{"start":{"line":133,"column":4},"end":{"line":135,"column":null}},"type":"if","locations":[{"start":{"line":133,"column":4},"end":{"line":135,"column":null}}]},"28":{"loc":{"start":{"line":139,"column":4},"end":{"line":141,"column":null}},"type":"if","locations":[{"start":{"line":139,"column":4},"end":{"line":141,"column":null}}]},"29":{"loc":{"start":{"line":149,"column":4},"end":{"line":149,"column":null}},"type":"if","locations":[{"start":{"line":149,"column":4},"end":{"line":149,"column":null}}]},"30":{"loc":{"start":{"line":151,"column":4},"end":{"line":169,"column":null}},"type":"if","locations":[{"start":{"line":151,"column":4},"end":{"line":169,"column":null}},{"start":{"line":153,"column":11},"end":{"line":169,"column":null}}]},"31":{"loc":{"start":{"line":153,"column":11},"end":{"line":169,"column":null}},"type":"if","locations":[{"start":{"line":153,"column":11},"end":{"line":169,"column":null}},{"start":{"line":161,"column":11},"end":{"line":169,"column":null}}]},"32":{"loc":{"start":{"line":174,"column":4},"end":{"line":175,"column":null}},"type":"if","locations":[{"start":{"line":174,"column":4},"end":{"line":175,"column":null}}]},"33":{"loc":{"start":{"line":175,"column":6},"end":{"line":175,"column":72}},"type":"cond-expr","locations":[{"start":{"line":175,"column":21},"end":{"line":175,"column":46}},{"start":{"line":175,"column":49},"end":{"line":175,"column":72}}]}},"s":{"0":1,"1":1,"2":1,"3":66,"4":66,"5":3,"6":66,"7":3,"8":66,"9":1,"10":57,"11":57,"12":17,"13":40,"14":36,"15":57,"16":1,"17":57,"18":57,"19":20,"20":20,"21":20,"22":20,"23":20,"24":20,"25":10,"26":20,"27":20,"28":5,"29":20,"30":2,"31":37,"32":37,"33":2,"34":57,"35":1,"36":85,"37":53,"38":32,"39":1,"40":9,"41":9,"42":1,"43":8,"44":1,"45":7,"46":9,"47":1,"48":12,"49":12,"50":6,"51":6,"52":6,"53":0,"54":0,"55":6,"56":12,"57":1,"58":85,"59":85,"60":85,"61":20,"62":0,"63":20,"64":20,"65":85,"66":20,"67":20,"68":6,"69":85,"70":20,"71":6,"72":85,"73":67,"74":67,"75":67,"76":67,"77":0,"78":67,"79":1,"80":66,"81":9,"82":9,"83":57,"84":57,"85":67,"86":85,"87":77,"88":11,"89":85,"90":65,"91":1},"f":{"0":66,"1":57,"2":57,"3":85,"4":9,"5":12,"6":85,"7":20,"8":20,"9":20,"10":67,"11":77,"12":65},"b":{"0":[3],"1":[66,9],"2":[3],"3":[66,10],"4":[17,40],"5":[36],"6":[20,37],"7":[20,0],"8":[10],"9":[5],"10":[2],"11":[2],"12":[37,36],"13":[53],"14":[32,0],"15":[32,0],"16":[1,8],"17":[1,7],"18":[6,6],"19":[6,0],"20":[6,0],"21":[0,6],"22":[0,0],"23":[0,0],"24":[6,0],"25":[85,78],"26":[0],"27":[6],"28":[6],"29":[0],"30":[1,66],"31":[9,57],"32":[11],"33":[0,11]}}
}
