TN:
SF:src\NumberInput.tsx
FN:16,(anonymous_0)
FN:28,(anonymous_1)
FN:38,(anonymous_2)
FN:65,(anonymous_3)
FN:80,(anonymous_4)
FN:90,(anonymous_5)
FN:108,(anonymous_6)
FN:121,(anonymous_7)
FN:131,(anonymous_8)
FN:138,(anonymous_9)
FN:144,(anonymous_10)
FN:173,(anonymous_11)
FN:183,(anonymous_12)
FNF:13
FNH:13
FNDA:66,(anonymous_0)
FNDA:57,(anonymous_1)
FNDA:57,(anonymous_2)
FNDA:85,(anonymous_3)
FNDA:9,(anonymous_4)
FNDA:12,(anonymous_5)
FNDA:85,(anonymous_6)
FNDA:20,(anonymous_7)
FNDA:20,(anonymous_8)
FNDA:20,(anonymous_9)
FNDA:67,(anonymous_10)
FNDA:77,(anonymous_11)
FNDA:65,(anonymous_12)
DA:1,1
DA:14,1
DA:16,1
DA:22,66
DA:23,66
DA:24,66
DA:25,66
DA:28,1
DA:29,57
DA:30,57
DA:31,17
DA:32,40
DA:33,36
DA:35,57
DA:38,1
DA:44,57
DA:46,57
DA:47,20
DA:48,20
DA:49,20
DA:50,20
DA:51,20
DA:52,20
DA:53,10
DA:54,20
DA:55,20
DA:56,20
DA:58,37
DA:59,37
DA:62,57
DA:65,1
DA:71,85
DA:73,32
DA:80,1
DA:81,9
DA:82,9
DA:84,8
DA:85,7
DA:87,9
DA:90,1
DA:91,12
DA:92,12
DA:93,6
DA:94,6
DA:97,6
DA:98,0
DA:99,0
DA:103,6
DA:105,12
DA:108,1
DA:118,85
DA:119,85
DA:121,85
DA:122,20
DA:124,20
DA:125,20
DA:131,85
DA:132,20
DA:133,20
DA:134,6
DA:138,85
DA:139,20
DA:140,6
DA:144,85
DA:145,67
DA:146,67
DA:147,67
DA:149,67
DA:151,67
DA:152,1
DA:153,66
DA:154,9
DA:155,9
DA:162,57
DA:163,57
DA:170,67
DA:173,85
DA:174,77
DA:175,11
DA:178,85
DA:183,65
DA:190,1
LF:82
LH:80
BRDA:23,0,0,3
BRDA:23,1,0,66
BRDA:23,1,1,9
BRDA:24,2,0,3
BRDA:24,3,0,66
BRDA:24,3,1,10
BRDA:30,4,0,17
BRDA:30,4,1,40
BRDA:32,5,0,36
BRDA:46,6,0,20
BRDA:46,6,1,37
BRDA:49,7,0,20
BRDA:49,7,1,0
BRDA:52,8,0,10
BRDA:55,9,0,5
BRDA:56,10,0,2
BRDA:59,11,0,2
BRDA:59,12,0,37
BRDA:59,12,1,36
BRDA:71,13,0,53
BRDA:75,14,0,32
BRDA:75,14,1,0
BRDA:76,15,0,32
BRDA:76,15,1,0
BRDA:82,16,0,1
BRDA:82,16,1,8
BRDA:84,17,0,1
BRDA:84,17,1,7
BRDA:92,18,0,6
BRDA:92,18,1,6
BRDA:95,19,0,6
BRDA:95,19,1,0
BRDA:96,20,0,6
BRDA:96,20,1,0
BRDA:97,21,0,0
BRDA:97,21,1,6
BRDA:100,22,0,0
BRDA:100,22,1,0
BRDA:101,23,0,0
BRDA:101,23,1,0
BRDA:103,24,0,6
BRDA:103,24,1,0
BRDA:118,25,0,85
BRDA:118,25,1,78
BRDA:122,26,0,0
BRDA:133,27,0,6
BRDA:139,28,0,6
BRDA:149,29,0,0
BRDA:151,30,0,1
BRDA:151,30,1,66
BRDA:153,31,0,9
BRDA:153,31,1,57
BRDA:174,32,0,11
BRDA:175,33,0,0
BRDA:175,33,1,11
BRF:55
BRH:41
end_of_record
